Token(tokenType=INT_NUM, value=0, location=1, lineNum=1)
Token(tokenType=FLOAT_NUM, value=0.0, location=1, lineNum=2)
Token(tokenType=FLOAT_NUM, value=0.000, location=1, lineNum=3)
Token(tokenType=INT_NUM, value=0, location=1, lineNum=4)
Token(tokenType=FLOAT_NUM, value=0.00, location=2, lineNum=4)
Token(tokenType=FLOAT_NUM, value=0.123, location=1, lineNum=5)
Token(tokenType=FLOAT_NUM, value=0.0123, location=1, lineNum=6)
Token(tokenType=INT_NUM, value=1, location=1, lineNum=7)
Token(tokenType=INT_NUM, value=23, location=2, lineNum=7)
Token(tokenType=FLOAT_NUM, value=10.0, location=1, lineNum=8)
Token(tokenType=FLOAT_NUM, value=123.4, location=1, lineNum=9)
Token(tokenType=FLOAT_NUM, value=0.3, location=1, lineNum=10)
Token(tokenType=INT_NUM, value=0, location=1, lineNum=11)
Token(tokenType=INT_NUM, value=0, location=2, lineNum=11)
Token(tokenType=FLOAT_NUM, value=1.0000102, location=3, lineNum=11)
Token(tokenType=INT_NUM, value=2, location=1, lineNum=12)
Token(tokenType=INT_NUM, value=3, location=2, lineNum=12)
Token(tokenType=DOT, value=., location=5, lineNum=12)
Token(tokenType=INT_NUM, value=5, location=6, lineNum=12)
Token(tokenType=INT_NUM, value=46, location=8, lineNum=12)
Token(tokenType=INT_NUM, value=35, location=4, lineNum=13)
Token(tokenType=DOT, value=., location=3, lineNum=13)
Token(tokenType=DOT, value=., location=4, lineNum=13)
Token(tokenType=FLOAT_NUM, value=3.6, location=5, lineNum=13)
Token(tokenType=INT_NUM, value=35, location=4, lineNum=14)
Token(tokenType=DOT, value=., location=3, lineNum=14)
Token(tokenType=IDENTIFIER, value=a, location=4, lineNum=14)
Token(tokenType=FLOAT_NUM, value=12.001, location=1, lineNum=15)
Token(tokenType=FLOAT_NUM, value=14.12, location=1, lineNum=16)
Token(tokenType=IDENTIFIER, value=a3, location=6, lineNum=16)
Token(tokenType=DOT, value=., location=1, lineNum=17)
Token(tokenType=INT_NUM, value=5, location=2, lineNum=17)
