Token(tokenType=FLOAT, value=77.00, location=1, lineNum=1)
Token(tokenType=INTEGER, value=0, location=1, lineNum=2)
Token(tokenType=INTEGER, value=0, location=2, lineNum=2)
Token(tokenType=INTEGER, value=88, location=3, lineNum=2)
Token(tokenType=INTEGER, value=0, location=1, lineNum=3)
Token(tokenType=INTEGER, value=8, location=2, lineNum=3)
Token(tokenType=INTEGER, value=0, location=1, lineNum=4)
Token(tokenType=FLOAT, value=3.9, location=2, lineNum=4)
Token(tokenType=INTEGER, value=0, location=1, lineNum=5)
Token(tokenType=FLOAT, value=3.0, location=2, lineNum=5)
Token(tokenType=INTEGER, value=0, location=1, lineNum=6)
Token(tokenType=FLOAT, value=3.90, location=2, lineNum=6)
Token(tokenType=FLOAT, value=1.1, location=1, lineNum=7)
Token(tokenType=DOT, value=., location=4, lineNum=7)
Token(tokenType=INTEGER, value=1, location=5, lineNum=7)
Token(tokenType=FLOAT, value=99.0000000003, location=1, lineNum=8)
Token(tokenType=FLOAT, value=3.0, location=1, lineNum=9)
Token(tokenType=FLOAT, value=0.0, location=1, lineNum=10)
Token(tokenType=INTEGER, value=0, location=1, lineNum=11)
Token(tokenType=INTEGER, value=0, location=1, lineNum=12)
Token(tokenType=INTEGER, value=0, location=2, lineNum=12)
Token(tokenType=INTEGER, value=0, location=4, lineNum=12)
Token(tokenType=INTEGER, value=6, location=6, lineNum=12)
Token(tokenType=INTEGER, value=44, location=1, lineNum=13)
Token(tokenType=FLOAT, value=30.9, location=1, lineNum=14)
Token(tokenType=EXCLAMATION, value=!, location=1, lineNum=19)
Token(tokenType=MULTIPLICATION, value=*, location=1, lineNum=20)
Token(tokenType=DIVISION, value=/, location=2, lineNum=20)
Token(tokenType=DIVISION, value=/, location=1, lineNum=21)
Token(tokenType=MULTIPLICATION, value=*, location=2, lineNum=21)
Token(tokenType=IDENTIFIER, value=bla, location=3, lineNum=21)
