Token(tokenType=EQ, value==, location=2, lineNum=1)
Token(tokenType=EQEQ, value===, location=4, lineNum=1)
Token(tokenType=LT, value=<, location=2, lineNum=2)
Token(tokenType=LTGT, value=<>, location=3, lineNum=2)
Token(tokenType=LTGT, value=<>, location=6, lineNum=2)
Token(tokenType=GT, value=>, location=8, lineNum=2)
Token(tokenType=LEQ, value=<=, location=10, lineNum=2)
Token(tokenType=GEQ, value=>=, location=13, lineNum=2)
Token(tokenType=LEQ, value=<=, location=16, lineNum=2)
Token(tokenType=EQ, value==, location=18, lineNum=2)
Token(tokenType=GEQ, value=>=, location=20, lineNum=2)
Token(tokenType=EQ, value==, location=21, lineNum=2)
Token(tokenType=ADDITION, value=+, location=1, lineNum=3)
Token(tokenType=SUBTRACTION, value=-, location=3, lineNum=3)
Token(tokenType=DIVISION, value=/, location=5, lineNum=3)
Token(tokenType=MULTIPLICATION, value=*, location=7, lineNum=3)
Token(tokenType=LSP, value=[, location=1, lineNum=4)
Token(tokenType=RSP, value=], location=2, lineNum=4)
Token(tokenType=LCP, value={, location=3, lineNum=4)
Token(tokenType=RCP, value=}, location=4, lineNum=4)
Token(tokenType=SEMICOLON, value=;, location=5, lineNum=4)
Token(tokenType=DOT, value=., location=6, lineNum=4)
